0 info it worked if it ends with ok
1 verbose cli [ '/usr/local/bin/node', '/usr/local/bin/npm', 'install' ]
2 info using npm@1.4.28
3 info using node@v0.10.32
4 warn package.json Test@ No repository field.
5 warn package.json Test@ No README data
6 verbose readDependencies using package.json deps
7 verbose install where, deps [ '/home/comp71/test',
7 verbose install   [ 'express',
7 verbose install     'mongoose',
7 verbose install     'body-parser',
7 verbose install     'cookies',
7 verbose install     'express-session',
7 verbose install     'angular-route',
7 verbose install     'jade' ] ]
8 info preinstall Test@
9 verbose readDependencies using package.json deps
10 verbose already installed skipping body-parser@~1.0.1 /home/comp71/test
11 verbose already installed skipping mongoose@~3.6.13 /home/comp71/test
12 verbose cache add [ 'cookies@~1.0.1', null ]
13 verbose cache add name=undefined spec="cookies@~1.0.1" args=["cookies@~1.0.1",null]
14 verbose parsed url { protocol: null,
14 verbose parsed url   slashes: null,
14 verbose parsed url   auth: null,
14 verbose parsed url   host: null,
14 verbose parsed url   port: null,
14 verbose parsed url   hostname: null,
14 verbose parsed url   hash: null,
14 verbose parsed url   search: null,
14 verbose parsed url   query: null,
14 verbose parsed url   pathname: 'cookies@~1.0.1',
14 verbose parsed url   path: 'cookies@~1.0.1',
14 verbose parsed url   href: 'cookies@~1.0.1' }
15 verbose already installed skipping express-session@~1.0.0 /home/comp71/test
16 verbose already installed skipping angular-route@~1.2 /home/comp71/test
17 verbose already installed skipping jade@* /home/comp71/test
18 verbose already installed skipping express@~4.0.0 /home/comp71/test
19 verbose cache add name="cookies" spec="~1.0.1" args=["cookies","~1.0.1"]
20 verbose parsed url { protocol: null,
20 verbose parsed url   slashes: null,
20 verbose parsed url   auth: null,
20 verbose parsed url   host: null,
20 verbose parsed url   port: null,
20 verbose parsed url   hostname: null,
20 verbose parsed url   hash: null,
20 verbose parsed url   search: null,
20 verbose parsed url   query: null,
20 verbose parsed url   pathname: '~1.0.1',
20 verbose parsed url   path: '~1.0.1',
20 verbose parsed url   href: '~1.0.1' }
21 verbose addNamed [ 'cookies', '~1.0.1' ]
22 verbose addNamed [ null, '>=1.0.1-0 <1.1.0-0' ]
23 silly lockFile 58778f54-cookies-1-0-1 cookies@~1.0.1
24 verbose lock cookies@~1.0.1 /home/comp71/.npm/58778f54-cookies-1-0-1.lock
25 silly addNameRange { name: 'cookies', range: '>=1.0.1-0 <1.1.0-0', hasData: false }
26 verbose request where is /cookies
27 verbose request registry https://registry.npmjs.org/
28 verbose request id 12c0f9fdc74dd23a
29 verbose url raw /cookies
30 verbose url resolving [ 'https://registry.npmjs.org/', './cookies' ]
31 verbose url resolved https://registry.npmjs.org/cookies
32 verbose request where is https://registry.npmjs.org/cookies
33 info trying registry request attempt 1 at 17:28:53
34 verbose etag "9ZERO7FMHL6KHH5F1YWT1QN8D"
35 http GET https://registry.npmjs.org/cookies
36 http 304 https://registry.npmjs.org/cookies
37 silly registry.get cb [ 304,
37 silly registry.get   { date: 'Mon, 13 Oct 2014 11:58:54 GMT',
37 silly registry.get     server: 'Apache',
37 silly registry.get     via: '1.1 varnish',
37 silly registry.get     'last-modified': 'Mon, 13 Oct 2014 11:58:55 GMT',
37 silly registry.get     'cache-control': 'max-age=60',
37 silly registry.get     etag: '"9ZERO7FMHL6KHH5F1YWT1QN8D"',
37 silly registry.get     'x-served-by': 'cache-sn88-SIN',
37 silly registry.get     'x-cache': 'MISS',
37 silly registry.get     'x-cache-hits': '0',
37 silly registry.get     'x-timer': 'S1413201534.637061,VS0,VE1016',
37 silly registry.get     vary: 'Accept',
37 silly registry.get     'content-length': '0',
37 silly registry.get     'keep-alive': 'timeout=10, max=50',
37 silly registry.get     connection: 'Keep-Alive' } ]
38 verbose etag https://registry.npmjs.org/cookies from cache
39 silly addNameRange number 2 { name: 'cookies', range: '>=1.0.1-0 <1.1.0-0', hasData: true }
40 silly addNameRange versions [ 'cookies',
40 silly addNameRange   [ '0.1.0',
40 silly addNameRange     '0.1.1',
40 silly addNameRange     '0.1.2',
40 silly addNameRange     '0.1.3',
40 silly addNameRange     '0.1.4',
40 silly addNameRange     '0.1.5',
40 silly addNameRange     '0.1.6',
40 silly addNameRange     '0.2.0',
40 silly addNameRange     '0.2.1',
40 silly addNameRange     '0.2.2',
40 silly addNameRange     '0.2.3',
40 silly addNameRange     '0.3.0',
40 silly addNameRange     '0.3.1',
40 silly addNameRange     '0.3.2',
40 silly addNameRange     '0.3.3',
40 silly addNameRange     '0.3.4',
40 silly addNameRange     '0.3.5',
40 silly addNameRange     '0.3.6',
40 silly addNameRange     '0.3.7',
40 silly addNameRange     '0.3.8',
40 silly addNameRange     '0.4.0',
40 silly addNameRange     '0.4.1',
40 silly addNameRange     '0.5.0' ] ]
41 silly lockFile 58778f54-cookies-1-0-1 cookies@~1.0.1
42 silly lockFile 58778f54-cookies-1-0-1 cookies@~1.0.1
43 error notarget No compatible version found: cookies@'>=1.0.1-0 <1.1.0-0'
43 error notarget Valid install targets:
43 error notarget ["0.1.0","0.1.1","0.1.2","0.1.3","0.1.4","0.1.5","0.1.6","0.2.0","0.2.1","0.2.2","0.2.3","0.3.0","0.3.1","0.3.2","0.3.3","0.3.4","0.3.5","0.3.6","0.3.7","0.3.8","0.4.0","0.4.1","0.5.0"]
43 error notarget
43 error notarget This is most likely not a problem with npm itself.
43 error notarget In most cases you or one of your dependencies are requesting
43 error notarget a package version that doesn't exist.
44 error System Linux 3.13.0-36-generic
45 error command "/usr/local/bin/node" "/usr/local/bin/npm" "install"
46 error cwd /home/comp71/test
47 error node -v v0.10.32
48 error npm -v 1.4.28
49 error code ETARGET
50 verbose exit [ 1, true ]
